<?xml version="1.0" encoding="UTF-8"?>
<robot generator="Robot 7.1.1 (Python 3.11.0 on win32)" generated="2024-11-02T16:06:03.348065" rpa="false" schemaversion="5">
<suite id="s1" name="Stm32 Robot" source="D:\Workspace\STM32F411E_DISCO\STM32_LED_TEST\robot\stm32_robot.robot">
<test id="s1-t1" name="Flash And Verify Firmware" line="5">
<kw name="Flash Device Firmware" owner="STM32TestLibrary">
<msg time="2024-11-02T16:06:06.894526" level="INFO">Firmware flashed successfully</msg>
<doc>Flash the firmware to the device.</doc>
<status status="PASS" start="2024-11-02T16:06:03.397078" elapsed="3.497448"/>
</kw>
<kw name="Initialize Device" owner="STM32TestLibrary">
<msg time="2024-11-02T16:06:07.559647" level="INFO">Device initialization successful</msg>
<doc>Initialize the device and verify communication.</doc>
<status status="PASS" start="2024-11-02T16:06:06.895532" elapsed="0.664115"/>
</kw>
<status status="PASS" start="2024-11-02T16:06:03.395056" elapsed="4.165607"/>
</test>
<test id="s1-t2" name="Test Orange LED" line="9">
<kw name="Turn LED orange ON" owner="STM32TestLibrary" source_name="Turn LED ${color} ${action}">
<msg time="2024-11-02T16:06:08.219628" level="INFO">Successfully turned ON orange LED</msg>
<doc>Control LED state with specified color and action.</doc>
<status status="PASS" start="2024-11-02T16:06:07.562651" elapsed="0.656977"/>
</kw>
<kw name="Sleep">
<kw name="Sleep" owner="BuiltIn">
<msg time="2024-11-02T16:06:09.221762" level="INFO">Slept 1 second.</msg>
<arg>${duration}</arg>
<doc>Pauses the test executed for the given time.</doc>
<status status="PASS" start="2024-11-02T16:06:08.221263" elapsed="1.000499"/>
</kw>
<arg>1s</arg>
<status status="PASS" start="2024-11-02T16:06:08.220257" elapsed="1.001505"/>
</kw>
<kw name="Turn LED orange OFF" owner="STM32TestLibrary" source_name="Turn LED ${color} ${action}">
<msg time="2024-11-02T16:06:09.882295" level="INFO">Successfully turned OFF orange LED</msg>
<doc>Control LED state with specified color and action.</doc>
<status status="PASS" start="2024-11-02T16:06:09.222764" elapsed="0.659531"/>
</kw>
<kw name="Sleep">
<kw name="Sleep" owner="BuiltIn">
<msg time="2024-11-02T16:06:10.884768" level="INFO">Slept 1 second.</msg>
<arg>${duration}</arg>
<doc>Pauses the test executed for the given time.</doc>
<status status="PASS" start="2024-11-02T16:06:09.883296" elapsed="1.001472"/>
</kw>
<arg>1s</arg>
<status status="PASS" start="2024-11-02T16:06:09.883296" elapsed="1.001472"/>
</kw>
<status status="PASS" start="2024-11-02T16:06:07.561651" elapsed="3.324118"/>
</test>
<test id="s1-t3" name="Test Blue LED" line="15">
<kw name="Turn LED blue ON" owner="STM32TestLibrary" source_name="Turn LED ${color} ${action}">
<msg time="2024-11-02T16:06:11.551558" level="INFO">Successfully turned ON blue LED</msg>
<doc>Control LED state with specified color and action.</doc>
<status status="PASS" start="2024-11-02T16:06:10.887770" elapsed="0.663788"/>
</kw>
<kw name="Sleep">
<kw name="Sleep" owner="BuiltIn">
<msg time="2024-11-02T16:06:12.553945" level="INFO">Slept 1 second.</msg>
<arg>${duration}</arg>
<doc>Pauses the test executed for the given time.</doc>
<status status="PASS" start="2024-11-02T16:06:11.552559" elapsed="1.001386"/>
</kw>
<arg>1s</arg>
<status status="PASS" start="2024-11-02T16:06:11.552559" elapsed="1.001386"/>
</kw>
<kw name="Turn LED blue OFF" owner="STM32TestLibrary" source_name="Turn LED ${color} ${action}">
<msg time="2024-11-02T16:06:13.218185" level="INFO">Successfully turned OFF blue LED</msg>
<doc>Control LED state with specified color and action.</doc>
<status status="PASS" start="2024-11-02T16:06:12.554946" elapsed="0.663239"/>
</kw>
<kw name="Sleep">
<kw name="Sleep" owner="BuiltIn">
<msg time="2024-11-02T16:06:14.220659" level="INFO">Slept 1 second.</msg>
<arg>${duration}</arg>
<doc>Pauses the test executed for the given time.</doc>
<status status="PASS" start="2024-11-02T16:06:13.219186" elapsed="1.001473"/>
</kw>
<arg>1s</arg>
<status status="PASS" start="2024-11-02T16:06:13.219186" elapsed="1.001473"/>
</kw>
<status status="PASS" start="2024-11-02T16:06:10.886773" elapsed="3.334890"/>
</test>
<test id="s1-t4" name="Test All LEDs Sequence" line="21">
<kw name="Test All LEDs" owner="STM32TestLibrary">
<msg time="2024-11-02T16:06:14.891310" level="INFO">Successfully turned ON orange LED</msg>
<msg time="2024-11-02T16:06:15.549668" level="INFO">Successfully turned OFF orange LED</msg>
<msg time="2024-11-02T16:06:16.223563" level="INFO">Successfully turned ON blue LED</msg>
<msg time="2024-11-02T16:06:16.897893" level="INFO">Successfully turned OFF blue LED</msg>
<msg time="2024-11-02T16:06:16.897893" level="INFO">All LED tests completed successfully</msg>
<doc>Test all LEDs in sequence.</doc>
<status status="PASS" start="2024-11-02T16:06:14.224001" elapsed="2.673892"/>
</kw>
<status status="PASS" start="2024-11-02T16:06:14.222663" elapsed="2.675230"/>
</test>
<status status="PASS" start="2024-11-02T16:06:03.350066" elapsed="13.549828"/>
</suite>
<statistics>
<total>
<stat pass="4" fail="0" skip="0">All Tests</stat>
</total>
<tag>
</tag>
<suite>
<stat pass="4" fail="0" skip="0" id="s1" name="Stm32 Robot">Stm32 Robot</stat>
</suite>
</statistics>
<errors>
</errors>
</robot>
